ď»ż
> server@1.0.0 dev
> nodemon src/index.ts

[33m[nodemon] 3.1.14[39m
[33m[nodemon] to restart at any time, enter `rs`[39m
[33m[nodemon] watching path(s): *.*[39m
[33m[nodemon] watching extensions: ts,json[39m
[32m[nodemon] starting `ts-node src/index.ts`[39m
[dotenv@17.3.1] injecting env (9) from .env -- tip: Â­Ć’Ă¶Ă‰ encrypt with Dotenvx: https://dotenvx.com
[dotenv@17.3.1] injecting env (0) from .env -- tip: Â­Ć’Ă¸ĂˇÂ´Â©Ă…  run anywhere with `dotenvx run -- yourcommand`
node.exe : ValidationError: Custom keyGenerator appears to use request 
IP without calling the ipKeyGenerator helper function for IPv6 
addresses. This could allow IPv6 users to bypass limits. See 
https://express-rate-limit.github.io/ERR_ERL_KEY_GEN_IPV6/ for more 
information.
At line:1 char:1
+ & "C:\Program Files\nodejs/node.exe" "C:\Program 
Files\nodejs/node_mo ...
+ ~~~~~~~~~~~~~~~~~~~~~~~~~~~~~~~~~~~~~~~~~~~~~~~~~~~~~~~~~~~~~~~~~~~~~
    + CategoryInfo          : NotSpecified: (ValidationError...re in   
 formation.:String) [], RemoteException
    + FullyQualifiedErrorId : NativeCommandError
 
    at Object.keyGeneratorIpFallback (D:\Projects\teledrive\server\node
_modules\express-rate-limit\dist\index.cjs:637:13)
    at Object.wrappedValidations.<computed> [as 
keyGeneratorIpFallback] (D:\Projects\teledrive\server\node_modules\expr
ess-rate-limit\dist\index.cjs:680:22)
    at parseOptions (D:\Projects\teledrive\server\node_modules\express-
rate-limit\dist\index.cjs:750:16)
    at rateLimit (D:\Projects\teledrive\server\node_modules\express-rat
e-limit\dist\index.cjs:831:18)
    at Object.<anonymous> 
(D:\Projects\teledrive\server\src\routes\file.routes.ts:60:32)
    at Module._compile (node:internal/modules/cjs/loader:1761:14)
    at Module.m._compile (D:\Projects\teledrive\server\node_modules\ts-
node\src\index.ts:1618:23)
    at node:internal/modules/cjs/loader:1893:10
    at Object.require.extensions.<computed> [as .ts] (D:\Projects\teled
rive\server\node_modules\ts-node\src\index.ts:1621:12)
    at Module.load (node:internal/modules/cjs/loader:1481:32) {
  code: 'ERR_ERL_KEY_GEN_IPV6',
  help: 'https://express-rate-limit.github.io/ERR_ERL_KEY_GEN_IPV6/'
}
[dotenv@17.3.1] injecting env (0) from .env -- tip: Ă”ĂśĂ–Â´Â©Ă…  write to custom object with { processEnv: myObject }
Â­Ć’Ă¶Ă† [CORS] Configured origins: [
  'http://localhost:8081',
  'http://localhost:8082',
  'http://localhost:3000',
  'http://192.168.1.24:8081',
  'http://192.168.1.24:8082',
  'https://axyzcloud-a8fgczdhhjhxexhg.centralindia-01.azurewebsites.net'
]
Ă”Ă…â”‚ Starting Axya on Port 3000...
Â­Ć’Âşâ•Ł Cleaned orphaned upload temp directory.
Â­Ć’Ă¶Ă® [DB] New connection established
Schema initialized.
Migrations applied.
Â­Ć’ĂśĂ‡ Axya Server is READY!
Â­Ć’Ă¶Ăą Interface: http://0.0.0.0:3000
Â­Ć’Ă´Ă¨ Node: v24.12.0 | Env: development
